c:\users\st310-03\desktop\project\projectsys\ball\x64\debug\vc143.pdb
c:\users\st310-03\desktop\project\projectsys\ball\x64\debug\vc143.idb
c:\users\st310-03\desktop\project\projectsys\ball\x64\debug\ball.obj
c:\users\anton\desktop\projectsys\ball\x64\debug\vc143.pdb
c:\users\anton\desktop\projectsys\ball\x64\debug\vc143.idb
c:\users\anton\desktop\projectsys\ball\x64\debug\ball.obj
c:\users\st310-03\desktop\project\projectsys\ball\x64\debug\ball.ilk
c:\users\st310-03\desktop\project\projectsys\naperstki\x64\debug\ball.exe
c:\users\st310-03\desktop\project\projectsys\naperstki\x64\debug\ball.pdb
c:\users\st310-03\desktop\project\projectsys\ball\x64\debug\ball1.res
c:\users\anton\desktop\projectsys\ball\x64\debug\ball.ilk
c:\users\anton\desktop\projectsys\naperstki\x64\debug\ball.pdb
c:\users\anton\desktop\projectsys\naperstki\x64\debug\ball.exe
c:\users\anton\desktop\projectsys\ball\x64\debug\ball.tlog\cl.command.1.tlog
c:\users\anton\desktop\projectsys\ball\x64\debug\ball.tlog\cl.items.tlog
c:\users\anton\desktop\projectsys\ball\x64\debug\ball.tlog\cl.read.1.tlog
c:\users\anton\desktop\projectsys\ball\x64\debug\ball.tlog\cl.write.1.tlog
c:\users\anton\desktop\projectsys\ball\x64\debug\ball.tlog\link.command.1.tlog
c:\users\anton\desktop\projectsys\ball\x64\debug\ball.tlog\link.read.1.tlog
c:\users\anton\desktop\projectsys\ball\x64\debug\ball.tlog\link.write.1.tlog
c:\users\anton\desktop\projectsys\ball\x64\debug\ball.tlog\rc.command.1.tlog
c:\users\anton\desktop\projectsys\ball\x64\debug\ball.tlog\rc.read.1.tlog
c:\users\anton\desktop\projectsys\ball\x64\debug\ball.tlog\rc.write.1.tlog
