c:\users\anton\onedrive\desktop\dll\glass\x64\debug\vc145.pdb
c:\users\anton\onedrive\desktop\dll\glass\x64\debug\vc145.idb
c:\users\anton\onedrive\desktop\dll\glass\x64\debug\glass.obj
c:\users\anton\onedrive\desktop\dll\naperstki\x64\debug\glass.exe
c:\users\anton\onedrive\desktop\dll\naperstki\x64\debug\glass.pdb
c:\users\anton\onedrive\desktop\dll\glass\x64\debug\glass.ilk
c:\users\anton\onedrive\desktop\dll\projectsys\glass\x64\debug\glass.obj
c:\users\anton\onedrive\desktop\dll\projectsys\glass\x64\debug\glass.ilk
c:\users\anton\onedrive\desktop\dll\projectsys\glass\x64\debug\vc145.idb
c:\users\anton\onedrive\desktop\dll\projectsys\glass\x64\debug\vc145.pdb
c:\users\anton\onedrive\desktop\dll\projectsys\naperstki\x64\debug\glass.pdb
c:\users\anton\onedrive\desktop\dll\projectsys\naperstki\x64\debug\glass.exe
c:\users\anton\onedrive\desktop\dll\projectsys\glass\x64\debug\glass.tlog\cl.command.1.tlog
c:\users\anton\onedrive\desktop\dll\projectsys\glass\x64\debug\glass.tlog\cl.items.tlog
c:\users\anton\onedrive\desktop\dll\projectsys\glass\x64\debug\glass.tlog\cl.read.1.tlog
c:\users\anton\onedrive\desktop\dll\projectsys\glass\x64\debug\glass.tlog\cl.write.1.tlog
c:\users\anton\onedrive\desktop\dll\projectsys\glass\x64\debug\glass.tlog\link.command.1.tlog
c:\users\anton\onedrive\desktop\dll\projectsys\glass\x64\debug\glass.tlog\link.read.1.tlog
c:\users\anton\onedrive\desktop\dll\projectsys\glass\x64\debug\glass.tlog\link.secondary.1.tlog
c:\users\anton\onedrive\desktop\dll\projectsys\glass\x64\debug\glass.tlog\link.write.1.tlog
