  Naperstki.cpp
C:\Users\rudni\source\repos\Naperstki\Naperstki.cpp(164,10): warning C4566: символ, представленный универсальным именем символа "\u041F", невозможно представить в текущей кодовой странице (1252)
C:\Users\rudni\source\repos\Naperstki\Naperstki.cpp(164,10): warning C4566: символ, представленный универсальным именем символа "\u043E", невозможно представить в текущей кодовой странице (1252)
C:\Users\rudni\source\repos\Naperstki\Naperstki.cpp(164,10): warning C4566: символ, представленный универсальным именем символа "\u0434", невозможно представить в текущей кодовой странице (1252)
C:\Users\rudni\source\repos\Naperstki\Naperstki.cpp(164,10): warning C4566: символ, представленный универсальным именем символа "\u043A", невозможно представить в текущей кодовой странице (1252)
C:\Users\rudni\source\repos\Naperstki\Naperstki.cpp(164,10): warning C4566: символ, представленный универсальным именем символа "\u0430", невозможно представить в текущей кодовой странице (1252)
C:\Users\rudni\source\repos\Naperstki\Naperstki.cpp(164,10): warning C4566: символ, представленный универсальным именем символа "\u0438", невозможно представить в текущей кодовой странице (1252)
C:\Users\rudni\source\repos\Naperstki\Naperstki.cpp(164,10): warning C4566: символ, представленный универсальным именем символа "\u043C", невозможно представить в текущей кодовой странице (1252)
C:\Users\rudni\source\repos\Naperstki\Naperstki.cpp(164,10): warning C4566: символ, представленный универсальным именем символа "\u0441", невозможно представить в текущей кодовой странице (1252)
C:\Users\rudni\source\repos\Naperstki\Naperstki.cpp(164,10): warning C4566: символ, представленный универсальным именем символа "\u0442", невозможно представить в текущей кодовой странице (1252)
C:\Users\rudni\source\repos\Naperstki\Naperstki.cpp(164,10): warning C4566: символ, представленный универсальным именем символа "\u043D", невозможно представить в текущей кодовой странице (1252)
C:\Users\rudni\source\repos\Naperstki\Naperstki.cpp(164,10): warning C4566: символ, представленный универсальным именем символа "\u044F", невозможно представить в текущей кодовой странице (1252)
C:\Users\rudni\source\repos\Naperstki\Naperstki.cpp(164,10): warning C4566: символ, представленный универсальным именем символа "\u0447", невозможно представить в текущей кодовой странице (1252)
C:\Users\rudni\source\repos\Naperstki\Naperstki.cpp(164,10): warning C4566: символ, представленный универсальным именем символа "\u0412", невозможно представить в текущей кодовой странице (1252)
C:\Users\rudni\source\repos\Naperstki\Naperstki.cpp(164,10): warning C4566: символ, представленный универсальным именем символа "\u0432", невозможно представить в текущей кодовой странице (1252)
C:\Users\rudni\source\repos\Naperstki\Naperstki.cpp(164,10): warning C4566: символ, представленный универсальным именем символа "\u0435", невозможно представить в текущей кодовой странице (1252)
C:\Users\rudni\source\repos\Naperstki\Naperstki.cpp(164,10): warning C4566: символ, представленный универсальным именем символа "\u043B", невозможно представить в текущей кодовой странице (1252)
C:\Users\rudni\source\repos\Naperstki\Naperstki.cpp(171,11): warning C4566: символ, представленный универсальным именем символа "\u0412", невозможно представить в текущей кодовой странице (1252)
C:\Users\rudni\source\repos\Naperstki\Naperstki.cpp(171,11): warning C4566: символ, представленный универсальным именем символа "\u042B", невозможно представить в текущей кодовой странице (1252)
C:\Users\rudni\source\repos\Naperstki\Naperstki.cpp(171,11): warning C4566: символ, представленный универсальным именем символа "\u0423", невозможно представить в текущей кодовой странице (1252)
C:\Users\rudni\source\repos\Naperstki\Naperstki.cpp(171,11): warning C4566: символ, представленный универсальным именем символа "\u0413", невозможно представить в текущей кодовой странице (1252)
C:\Users\rudni\source\repos\Naperstki\Naperstki.cpp(171,11): warning C4566: символ, представленный универсальным именем символа "\u0410", невозможно представить в текущей кодовой странице (1252)
C:\Users\rudni\source\repos\Naperstki\Naperstki.cpp(171,11): warning C4566: символ, представленный универсальным именем символа "\u0414", невозможно представить в текущей кодовой странице (1252)
C:\Users\rudni\source\repos\Naperstki\Naperstki.cpp(171,11): warning C4566: символ, представленный универсальным именем символа "\u041B", невозможно представить в текущей кодовой странице (1252)
C:\Users\rudni\source\repos\Naperstki\Naperstki.cpp(171,11): warning C4566: символ, представленный универсальным именем символа "\u0418", невозможно представить в текущей кодовой странице (1252)
C:\Users\rudni\source\repos\Naperstki\Naperstki.cpp(171,11): warning C4566: символ, представленный универсальным именем символа "\u041F", невозможно представить в текущей кодовой странице (1252)
C:\Users\rudni\source\repos\Naperstki\Naperstki.cpp(171,11): warning C4566: символ, представленный универсальным именем символа "\u041E", невозможно представить в текущей кодовой странице (1252)
C:\Users\rudni\source\repos\Naperstki\Naperstki.cpp(171,11): warning C4566: символ, представленный универсальным именем символа "\u0411", невозможно представить в текущей кодовой странице (1252)
C:\Users\rudni\source\repos\Naperstki\Naperstki.cpp(171,11): warning C4566: символ, представленный универсальным именем символа "\u0415", невозможно представить в текущей кодовой странице (1252)
C:\Users\rudni\source\repos\Naperstki\Naperstki.cpp(174,11): warning C4566: символ, представленный универсальным именем символа "\u041D", невозможно представить в текущей кодовой странице (1252)
C:\Users\rudni\source\repos\Naperstki\Naperstki.cpp(174,11): warning C4566: символ, представленный универсальным именем символа "\u0415", невозможно представить в текущей кодовой странице (1252)
C:\Users\rudni\source\repos\Naperstki\Naperstki.cpp(174,11): warning C4566: символ, представленный универсальным именем символа "\u0412", невозможно представить в текущей кодовой странице (1252)
C:\Users\rudni\source\repos\Naperstki\Naperstki.cpp(174,11): warning C4566: символ, представленный универсальным именем символа "\u0420", невозможно представить в текущей кодовой странице (1252)
C:\Users\rudni\source\repos\Naperstki\Naperstki.cpp(174,11): warning C4566: символ, представленный универсальным именем символа "\u041E", невозможно представить в текущей кодовой странице (1252)
C:\Users\rudni\source\repos\Naperstki\Naperstki.cpp(174,11): warning C4566: символ, представленный универсальным именем символа "\u041C", невозможно представить в текущей кодовой странице (1252)
C:\Users\rudni\source\repos\Naperstki\Naperstki.cpp(174,11): warning C4566: символ, представленный универсальным именем символа "\u044F", невозможно представить в текущей кодовой странице (1252)
C:\Users\rudni\source\repos\Naperstki\Naperstki.cpp(174,11): warning C4566: символ, представленный универсальным именем символа "\u0447", невозможно представить в текущей кодовой странице (1252)
C:\Users\rudni\source\repos\Naperstki\Naperstki.cpp(174,11): warning C4566: символ, представленный универсальным именем символа "\u0431", невозможно представить в текущей кодовой странице (1252)
C:\Users\rudni\source\repos\Naperstki\Naperstki.cpp(174,11): warning C4566: символ, представленный универсальным именем символа "\u044B", невозможно представить в текущей кодовой странице (1252)
C:\Users\rudni\source\repos\Naperstki\Naperstki.cpp(174,11): warning C4566: символ, представленный универсальным именем символа "\u043B", невозможно представить в текущей кодовой странице (1252)
C:\Users\rudni\source\repos\Naperstki\Naperstki.cpp(174,11): warning C4566: символ, представленный универсальным именем символа "\u043F", невозможно представить в текущей кодовой странице (1252)
C:\Users\rudni\source\repos\Naperstki\Naperstki.cpp(174,11): warning C4566: символ, представленный универсальным именем символа "\u043E", невозможно представить в текущей кодовой странице (1252)
C:\Users\rudni\source\repos\Naperstki\Naperstki.cpp(174,11): warning C4566: символ, представленный универсальным именем символа "\u0434", невозможно представить в текущей кодовой странице (1252)
C:\Users\rudni\source\repos\Naperstki\Naperstki.cpp(174,11): warning C4566: символ, представленный универсальным именем символа "\u0441", невозможно представить в текущей кодовой странице (1252)
C:\Users\rudni\source\repos\Naperstki\Naperstki.cpp(174,11): warning C4566: символ, представленный универсальным именем символа "\u0442", невозможно представить в текущей кодовой странице (1252)
C:\Users\rudni\source\repos\Naperstki\Naperstki.cpp(174,11): warning C4566: символ, представленный универсальным именем символа "\u0430", невозможно представить в текущей кодовой странице (1252)
C:\Users\rudni\source\repos\Naperstki\Naperstki.cpp(174,11): warning C4566: символ, представленный универсальным именем символа "\u043A", невозможно представить в текущей кодовой странице (1252)
C:\Users\rudni\source\repos\Naperstki\Naperstki.cpp(174,11): warning C4566: символ, представленный универсальным именем символа "\u043D", невозможно представить в текущей кодовой странице (1252)
C:\Users\rudni\source\repos\Naperstki\Naperstki.cpp(174,11): warning C4566: символ, представленный универсальным именем символа "\u043C", невозможно представить в текущей кодовой странице (1252)
C:\Users\rudni\source\repos\Naperstki\Naperstki.cpp(194,10): warning C4566: символ, представленный универсальным именем символа "\u0418", невозможно представить в текущей кодовой странице (1252)
C:\Users\rudni\source\repos\Naperstki\Naperstki.cpp(194,10): warning C4566: символ, представленный универсальным именем символа "\u0413", невозможно представить в текущей кодовой странице (1252)
C:\Users\rudni\source\repos\Naperstki\Naperstki.cpp(194,10): warning C4566: символ, представленный универсальным именем символа "\u0420", невозможно представить в текущей кодовой странице (1252)
C:\Users\rudni\source\repos\Naperstki\Naperstki.cpp(194,10): warning C4566: символ, представленный универсальным именем символа "\u0410", невозможно представить в текущей кодовой странице (1252)
C:\Users\rudni\source\repos\Naperstki\Naperstki.cpp(194,10): warning C4566: символ, представленный универсальным именем символа "\u0412", невозможно представить в текущей кодовой странице (1252)
C:\Users\rudni\source\repos\Naperstki\Naperstki.cpp(194,10): warning C4566: символ, представленный универсальным именем символа "\u041D", невозможно представить в текущей кодовой странице (1252)
C:\Users\rudni\source\repos\Naperstki\Naperstki.cpp(194,10): warning C4566: символ, представленный универсальным именем символа "\u041F", невозможно представить в текущей кодовой странице (1252)
C:\Users\rudni\source\repos\Naperstki\Naperstki.cpp(194,10): warning C4566: символ, представленный универсальным именем символа "\u0415", невозможно представить в текущей кодовой странице (1252)
C:\Users\rudni\source\repos\Naperstki\Naperstki.cpp(194,10): warning C4566: символ, представленный универсальным именем символа "\u0421", невозможно представить в текущей кодовой странице (1252)
C:\Users\rudni\source\repos\Naperstki\Naperstki.cpp(194,10): warning C4566: символ, представленный универсальным именем символа "\u0422", невозможно представить в текущей кодовой странице (1252)
C:\Users\rudni\source\repos\Naperstki\Naperstki.cpp(194,10): warning C4566: символ, представленный универсальным именем символа "\u041A", невозможно представить в текущей кодовой странице (1252)
C:\Users\rudni\source\repos\Naperstki\Naperstki.cpp(196,10): warning C4566: символ, представленный универсальным именем символа "\u041F", невозможно представить в текущей кодовой странице (1252)
C:\Users\rudni\source\repos\Naperstki\Naperstki.cpp(196,10): warning C4566: символ, представленный универсальным именем символа "\u0440", невозможно представить в текущей кодовой странице (1252)
C:\Users\rudni\source\repos\Naperstki\Naperstki.cpp(196,10): warning C4566: символ, представленный универсальным именем символа "\u0430", невозможно представить в текущей кодовой странице (1252)
C:\Users\rudni\source\repos\Naperstki\Naperstki.cpp(196,10): warning C4566: символ, представленный универсальным именем символа "\u0432", невозможно представить в текущей кодовой странице (1252)
C:\Users\rudni\source\repos\Naperstki\Naperstki.cpp(196,10): warning C4566: символ, представленный универсальным именем символа "\u0438", невозможно представить в текущей кодовой странице (1252)
C:\Users\rudni\source\repos\Naperstki\Naperstki.cpp(196,10): warning C4566: символ, представленный универсальным именем символа "\u043B", невозможно представить в текущей кодовой странице (1252)
C:\Users\rudni\source\repos\Naperstki\Naperstki.cpp(196,10): warning C4566: символ, представленный универсальным именем символа "\u0433", невозможно представить в текущей кодовой странице (1252)
C:\Users\rudni\source\repos\Naperstki\Naperstki.cpp(196,10): warning C4566: символ, представленный универсальным именем символа "\u044B", невозможно представить в текущей кодовой странице (1252)
C:\Users\rudni\source\repos\Naperstki\Naperstki.cpp(197,10): warning C4566: символ, представленный универсальным именем символа "\u0428", невозможно представить в текущей кодовой странице (1252)
C:\Users\rudni\source\repos\Naperstki\Naperstki.cpp(197,10): warning C4566: символ, представленный универсальным именем символа "\u0430", невозможно представить в текущей кодовой странице (1252)
C:\Users\rudni\source\repos\Naperstki\Naperstki.cpp(197,10): warning C4566: символ, представленный универсальным именем символа "\u0440", невозможно представить в текущей кодовой странице (1252)
C:\Users\rudni\source\repos\Naperstki\Naperstki.cpp(197,10): warning C4566: символ, представленный универсальным именем символа "\u0438", невозможно представить в текущей кодовой странице (1252)
C:\Users\rudni\source\repos\Naperstki\Naperstki.cpp(197,10): warning C4566: символ, представленный универсальным именем символа "\u043A", невозможно представить в текущей кодовой странице (1252)
C:\Users\rudni\source\repos\Naperstki\Naperstki.cpp(197,10): warning C4566: символ, представленный универсальным именем символа "\u043D", невозможно представить в текущей кодовой странице (1252)
C:\Users\rudni\source\repos\Naperstki\Naperstki.cpp(197,10): warning C4566: символ, представленный универсальным именем символа "\u0445", невозможно представить в текущей кодовой странице (1252)
C:\Users\rudni\source\repos\Naperstki\Naperstki.cpp(197,10): warning C4566: символ, представленный универсальным именем символа "\u043E", невозможно представить в текущей кодовой странице (1252)
C:\Users\rudni\source\repos\Naperstki\Naperstki.cpp(197,10): warning C4566: символ, представленный универсальным именем символа "\u0434", невозможно представить в текущей кодовой странице (1252)
C:\Users\rudni\source\repos\Naperstki\Naperstki.cpp(197,10): warning C4566: символ, представленный универсальным именем символа "\u0442", невозможно представить в текущей кодовой странице (1252)
C:\Users\rudni\source\repos\Naperstki\Naperstki.cpp(197,10): warning C4566: символ, представленный универсальным именем символа "\u0441", невозможно представить в текущей кодовой странице (1252)
C:\Users\rudni\source\repos\Naperstki\Naperstki.cpp(197,10): warning C4566: символ, представленный универсальным именем символа "\u044F", невозможно представить в текущей кодовой странице (1252)
C:\Users\rudni\source\repos\Naperstki\Naperstki.cpp(197,10): warning C4566: символ, представленный универсальным именем символа "\u043F", невозможно представить в текущей кодовой странице (1252)
C:\Users\rudni\source\repos\Naperstki\Naperstki.cpp(197,10): warning C4566: символ, представленный универсальным именем символа "\u043C", невозможно представить в текущей кодовой странице (1252)
C:\Users\rudni\source\repos\Naperstki\Naperstki.cpp(197,10): warning C4566: символ, представленный универсальным именем символа "\u0437", невозможно представить в текущей кодовой странице (1252)
C:\Users\rudni\source\repos\Naperstki\Naperstki.cpp(197,10): warning C4566: символ, представленный универсальным именем символа "\u0435", невозможно представить в текущей кодовой странице (1252)
C:\Users\rudni\source\repos\Naperstki\Naperstki.cpp(197,10): warning C4566: символ, представленный универсальным именем символа "\u0432", невозможно представить в текущей кодовой странице (1252)
C:\Users\rudni\source\repos\Naperstki\Naperstki.cpp(198,10): warning C4566: символ, представленный универсальным именем символа "\u0417", невозможно представить в текущей кодовой странице (1252)
C:\Users\rudni\source\repos\Naperstki\Naperstki.cpp(198,10): warning C4566: символ, представленный универсальным именем символа "\u0430", невозможно представить в текущей кодовой странице (1252)
C:\Users\rudni\source\repos\Naperstki\Naperstki.cpp(198,10): warning C4566: символ, представленный универсальным именем символа "\u043F", невозможно представить в текущей кодовой странице (1252)
C:\Users\rudni\source\repos\Naperstki\Naperstki.cpp(198,10): warning C4566: символ, представленный универсальным именем символа "\u043E", невозможно представить в текущей кодовой странице (1252)
C:\Users\rudni\source\repos\Naperstki\Naperstki.cpp(198,10): warning C4566: символ, представленный универсальным именем символа "\u043C", невозможно представить в текущей кодовой странице (1252)
C:\Users\rudni\source\repos\Naperstki\Naperstki.cpp(198,10): warning C4566: символ, представленный универсальным именем символа "\u043D", невозможно представить в текущей кодовой странице (1252)
C:\Users\rudni\source\repos\Naperstki\Naperstki.cpp(198,10): warning C4566: символ, представленный универсальным именем символа "\u0438", невозможно представить в текущей кодовой странице (1252)
C:\Users\rudni\source\repos\Naperstki\Naperstki.cpp(198,10): warning C4566: символ, представленный универсальным именем символа "\u0442", невозможно представить в текущей кодовой странице (1252)
C:\Users\rudni\source\repos\Naperstki\Naperstki.cpp(198,10): warning C4566: символ, представленный универсальным именем символа "\u0435", невозможно представить в текущей кодовой странице (1252)
C:\Users\rudni\source\repos\Naperstki\Naperstki.cpp(198,10): warning C4566: символ, представленный универсальным именем символа "\u0434", невозможно представить в текущей кодовой странице (1252)
C:\Users\rudni\source\repos\Naperstki\Naperstki.cpp(198,10): warning C4566: символ, представленный универсальным именем символа "\u043A", невозможно представить в текущей кодовой странице (1252)
C:\Users\rudni\source\repos\Naperstki\Naperstki.cpp(199,10): warning C4566: символ, представленный универсальным именем символа "\u041A", невозможно представить в текущей кодовой странице (1252)
C:\Users\rudni\source\repos\Naperstki\Naperstki.cpp(199,10): warning C4566: символ, представленный универсальным именем символа "\u043E", невозможно представить в текущей кодовой странице (1252)
C:\Users\rudni\source\repos\Naperstki\Naperstki.cpp(199,10): warning C4566: символ, представленный универсальным именем символа "\u0433", невозможно представить в текущей кодовой странице (1252)
C:\Users\rudni\source\repos\Naperstki\Naperstki.cpp(199,10): warning C4566: символ, представленный универсальным именем символа "\u0434", невозможно представить в текущей кодовой странице (1252)
C:\Users\rudni\source\repos\Naperstki\Naperstki.cpp(199,10): warning C4566: символ, представленный универсальным именем символа "\u0430", невозможно представить в текущей кодовой странице (1252)
C:\Users\rudni\source\repos\Naperstki\Naperstki.cpp(199,10): warning C4566: символ, представленный универсальным именем символа "\u0441", невозможно представить в текущей кодовой странице (1252)
C:\Users\rudni\source\repos\Naperstki\Naperstki.cpp(199,10): warning C4566: символ, представленный универсальным именем символа "\u0442", невозможно представить в текущей кодовой странице (1252)
C:\Users\rudni\source\repos\Naperstki\Naperstki.cpp(199,10): warning C4566: символ, представленный универсальным именем символа "\u043A", невозможно представить в текущей кодовой странице (1252)
C:\Users\rudni\source\repos\Naperstki\Naperstki.cpp(199,10): warning C4566: символ, представленный универсальным именем символа "\u043D", невозможно представить в текущей кодовой странице (1252)
C:\Users\rudni\source\repos\Naperstki\Naperstki.cpp(199,10): warning C4566: символ, представленный универсальным именем символа "\u044B", невозможно представить в текущей кодовой странице (1252)
C:\Users\rudni\source\repos\Naperstki\Naperstki.cpp(199,10): warning C4566: символ, представленный универсальным именем символа "\u043F", невозможно представить в текущей кодовой странице (1252)
C:\Users\rudni\source\repos\Naperstki\Naperstki.cpp(199,10): warning C4566: символ, представленный универсальным именем символа "\u0435", невозможно представить в текущей кодовой странице (1252)
C:\Users\rudni\source\repos\Naperstki\Naperstki.cpp(199,10): warning C4566: символ, представленный универсальным именем символа "\u0440", невозможно представить в текущей кодовой странице (1252)
C:\Users\rudni\source\repos\Naperstki\Naperstki.cpp(199,10): warning C4566: символ, представленный универсальным именем символа "\u043C", невозможно представить в текущей кодовой странице (1252)
C:\Users\rudni\source\repos\Naperstki\Naperstki.cpp(199,10): warning C4566: символ, представленный универсальным именем символа "\u0448", невозможно представить в текущей кодовой странице (1252)
C:\Users\rudni\source\repos\Naperstki\Naperstki.cpp(199,10): warning C4566: символ, представленный универсальным именем символа "\u044E", невозможно представить в текущей кодовой странице (1252)
C:\Users\rudni\source\repos\Naperstki\Naperstki.cpp(199,10): warning C4566: символ, представленный универсальным именем символа "\u044F", невозможно представить в текущей кодовой странице (1252)
C:\Users\rudni\source\repos\Naperstki\Naperstki.cpp(199,10): warning C4566: символ, представленный универсальным именем символа "\u0443", невозможно представить в текущей кодовой странице (1252)
C:\Users\rudni\source\repos\Naperstki\Naperstki.cpp(199,10): warning C4566: символ, представленный универсальным именем символа "\u0439", невозможно представить в текущей кодовой странице (1252)
C:\Users\rudni\source\repos\Naperstki\Naperstki.cpp(199,10): warning C4566: символ, представленный универсальным именем символа "\u0447", невозможно представить в текущей кодовой странице (1252)
C:\Users\rudni\source\repos\Naperstki\Naperstki.cpp(201,10): warning C4566: символ, представленный универсальным именем символа "\u041D", невозможно представить в текущей кодовой странице (1252)
C:\Users\rudni\source\repos\Naperstki\Naperstki.cpp(201,10): warning C4566: символ, представленный универсальным именем символа "\u0430", невозможно представить в текущей кодовой странице (1252)
C:\Users\rudni\source\repos\Naperstki\Naperstki.cpp(201,10): warning C4566: символ, представленный универсальным именем символа "\u0436", невозможно представить в текущей кодовой странице (1252)
C:\Users\rudni\source\repos\Naperstki\Naperstki.cpp(201,10): warning C4566: символ, представленный универсальным именем символа "\u043C", невозможно представить в текущей кодовой странице (1252)
C:\Users\rudni\source\repos\Naperstki\Naperstki.cpp(201,10): warning C4566: символ, представленный универсальным именем символа "\u0438", невозможно представить в текущей кодовой странице (1252)
C:\Users\rudni\source\repos\Naperstki\Naperstki.cpp(201,10): warning C4566: символ, представленный универсальным именем символа "\u0442", невозможно представить в текущей кодовой странице (1252)
C:\Users\rudni\source\repos\Naperstki\Naperstki.cpp(201,10): warning C4566: символ, представленный универсальным именем символа "\u0435", невозможно представить в текущей кодовой странице (1252)
C:\Users\rudni\source\repos\Naperstki\Naperstki.cpp(201,10): warning C4566: символ, представленный универсальным именем символа "\u0447", невозможно представить в текущей кодовой странице (1252)
C:\Users\rudni\source\repos\Naperstki\Naperstki.cpp(201,10): warning C4566: символ, представленный универсальным именем символа "\u043E", невозможно представить в текущей кодовой странице (1252)
C:\Users\rudni\source\repos\Naperstki\Naperstki.cpp(201,10): warning C4566: символ, представленный универсальным именем символа "\u0431", невозможно представить в текущей кодовой странице (1252)
C:\Users\rudni\source\repos\Naperstki\Naperstki.cpp(201,10): warning C4566: символ, представленный универсальным именем символа "\u044B", невозможно представить в текущей кодовой странице (1252)
C:\Users\rudni\source\repos\Naperstki\Naperstki.cpp(201,10): warning C4566: символ, представленный универсальным именем символа "\u043D", невозможно представить в текущей кодовой странице (1252)
C:\Users\rudni\source\repos\Naperstki\Naperstki.cpp(201,10): warning C4566: символ, представленный универсальным именем символа "\u044C", невозможно представить в текущей кодовой странице (1252)
C:\Users\rudni\source\repos\Naperstki\Naperstki.cpp(201,10): warning C4566: символ, представленный универсальным именем символа "\u0433", невозможно представить в текущей кодовой странице (1252)
C:\Users\rudni\source\repos\Naperstki\Naperstki.cpp(201,10): warning C4566: символ, представленный универсальным именем символа "\u0440", невозможно представить в текущей кодовой странице (1252)
C:\Users\rudni\source\repos\Naperstki\Naperstki.cpp(201,10): warning C4566: символ, представленный универсальным именем символа "\u0443", невозможно представить в текущей кодовой странице (1252)
  Naperstki.vcxproj -> C:\Users\rudni\source\repos\Naperstki\x64\Debug\Naperstki.exe
