c:\users\anton\onedrive\desktop\dll\naperstki\naperstki\x64\debug\vc145.pdb
c:\users\anton\onedrive\desktop\dll\naperstki\naperstki\x64\debug\vc145.idb
c:\users\anton\onedrive\desktop\dll\naperstki\naperstki\x64\debug\naperstki.obj
c:\users\anton\onedrive\desktop\dll\naperstki\x64\debug\naperstki.exe
c:\users\anton\onedrive\desktop\dll\naperstki\x64\debug\naperstki.pdb
c:\users\anton\onedrive\desktop\dll\naperstki\naperstki\x64\debug\naperstki.ilk
c:\users\anton\onedrive\desktop\dll\projectsys\naperstki\naperstki\x64\debug\naperstki.obj
c:\users\anton\onedrive\desktop\dll\projectsys\naperstki\naperstki\x64\debug\naperstki.ilk
c:\users\anton\onedrive\desktop\dll\projectsys\naperstki\naperstki\x64\debug\vc145.idb
c:\users\anton\onedrive\desktop\dll\projectsys\naperstki\naperstki\x64\debug\vc145.pdb
c:\users\anton\onedrive\desktop\dll\projectsys\naperstki\x64\debug\naperstki.pdb
c:\users\anton\onedrive\desktop\dll\projectsys\naperstki\x64\debug\naperstki.exe
c:\users\anton\onedrive\desktop\dll\projectsys\naperstki\naperstki\x64\debug\naperstki.tlog\cl.command.1.tlog
c:\users\anton\onedrive\desktop\dll\projectsys\naperstki\naperstki\x64\debug\naperstki.tlog\cl.items.tlog
c:\users\anton\onedrive\desktop\dll\projectsys\naperstki\naperstki\x64\debug\naperstki.tlog\cl.read.1.tlog
c:\users\anton\onedrive\desktop\dll\projectsys\naperstki\naperstki\x64\debug\naperstki.tlog\cl.write.1.tlog
c:\users\anton\onedrive\desktop\dll\projectsys\naperstki\naperstki\x64\debug\naperstki.tlog\link.command.1.tlog
c:\users\anton\onedrive\desktop\dll\projectsys\naperstki\naperstki\x64\debug\naperstki.tlog\link.read.1.tlog
c:\users\anton\onedrive\desktop\dll\projectsys\naperstki\naperstki\x64\debug\naperstki.tlog\link.secondary.1.tlog
c:\users\anton\onedrive\desktop\dll\projectsys\naperstki\naperstki\x64\debug\naperstki.tlog\link.write.1.tlog
